2022-10-21 17:11:06:116 [35mhttp[39m: [35m::1 POST /products 200 281 - 482.778 ms[39m
[35m[39m
2022-10-21 17:14:32:1432 [35mhttp[39m: [35m::1 POST /products 500 55 - 450.984 ms[39m
[35m[39m
2022-10-23 21:09:26:926 [35mhttp[39m: [35m::1 GET /users/verify 200 194 - 415.303 ms[39m
[35m[39m
2022-10-23 21:09:44:944 [35mhttp[39m: [35m::1 POST /users 500 55 - 14.371 ms[39m
[35m[39m
2022-10-23 21:10:10:1010 [35mhttp[39m: [35m::1 POST /users 200 180 - 259.650 ms[39m
[35m[39m
2022-10-23 21:10:20:1020 [35mhttp[39m: [35m::1 POST /users 200 98 - 5.734 ms[39m
[35m[39m
2022-10-23 21:10:36:1036 [35mhttp[39m: [35m::1 GET /users/verify 200 192 - 14.397 ms[39m
[35m[39m
2022-10-23 21:11:09:119 [35mhttp[39m: [35m::1 GET /users/1 200 178 - 28.838 ms[39m
[35m[39m
2022-10-23 21:11:28:1128 [35mhttp[39m: [35m::1 GET /users/ 200 956 - 6.862 ms[39m
[35m[39m
2022-10-23 21:11:35:1135 [35mhttp[39m: [35m::1 GET /users/1 200 178 - 3.203 ms[39m
[35m[39m
2022-10-23 21:11:38:1138 [35mhttp[39m: [35m::1 GET /users/a 200 28 - 11.145 ms[39m
[35m[39m
2022-10-23 21:11:50:1150 [35mhttp[39m: [35m::1 GET /users/10 200 28 - 6.954 ms[39m
[35m[39m
2022-10-23 21:11:53:1153 [35mhttp[39m: [35m::1 GET /users/ 200 956 - 2.725 ms[39m
[35m[39m
2022-10-23 21:12:15:1215 [35mhttp[39m: [35m::1 DELETE /users/ 401 16 - 0.386 ms[39m
[35m[39m
2022-10-23 21:12:47:1247 [35mhttp[39m: [35m::1 DELETE /users/ 404 148 - 1.348 ms[39m
[35m[39m
2022-10-23 21:13:04:134 [35mhttp[39m: [35m::1 DELETE /users/1 200 22 - 63.484 ms[39m
[35m[39m
2022-10-23 21:13:36:1336 [35mhttp[39m: [35m::1 PATCH /users/4 200 216 - 2.433 ms[39m
[35m[39m
2022-10-23 21:14:48:1448 [35mhttp[39m: [35m::1 DELETE /users/ 404 148 - 0.531 ms[39m
[35m[39m
2022-10-23 21:14:53:1453 [35mhttp[39m: [35m::1 DELETE /users/ 404 148 - 0.254 ms[39m
[35m[39m
2022-10-23 21:14:56:1456 [35mhttp[39m: [35m::1 DELETE /users/ 404 148 - 0.150 ms[39m
[35m[39m
2022-10-23 21:14:56:1456 [35mhttp[39m: [35m::1 DELETE /users/ 404 148 - 0.332 ms[39m
[35m[39m
2022-10-23 21:14:57:1457 [35mhttp[39m: [35m::1 DELETE /users/ 404 148 - 0.164 ms[39m
[35m[39m
2022-10-23 21:14:58:1458 [35mhttp[39m: [35m::1 DELETE /users/2 200 22 - 6.254 ms[39m
[35m[39m
2022-10-23 21:15:53:1553 [35mhttp[39m: [35m::1 POST /customers 200 178 - 4.043 ms[39m
[35m[39m
2022-10-23 21:15:58:1558 [35mhttp[39m: [35m::1 POST /customers 200 104 - 2.776 ms[39m
[35m[39m
2022-10-23 21:16:10:1610 [35mhttp[39m: [35m::1 POST /customers 200 240 - 76.894 ms[39m
[35m[39m
