::1 POST /products 500 55 - 450.984 ms
::1 POST /users 500 55 - 14.371 ms
::1 DELETE /users/ 401 16 - 0.386 ms
::1 DELETE /users/ 404 148 - 1.348 ms
::1 DELETE /users/ 404 148 - 1.348 ms
::1 DELETE /users/ 404 148 - 0.531 ms
::1 DELETE /users/ 404 148 - 0.531 ms
::1 DELETE /users/ 404 148 - 0.254 ms
::1 DELETE /users/ 404 148 - 0.254 ms
::1 DELETE /users/ 404 148 - 0.150 ms
::1 DELETE /users/ 404 148 - 0.150 ms
::1 DELETE /users/ 404 148 - 0.332 ms
::1 DELETE /users/ 404 148 - 0.332 ms
::1 DELETE /users/ 404 148 - 0.164 ms
::1 DELETE /users/ 404 148 - 0.164 ms
::1 GET /clientes/busqueda/1 404 158 - 0.950 ms
::1 GET /clientes/busqueda/1 404 158 - 0.950 ms
::1 GET /customers/busqueda/1 500 55 - 1.552 ms
::1 GET /customers/busqueda/1 500 55 - 1.066 ms
::1 GET /customers/busqueda/1 500 55 - 11.902 ms
::1 GET /customers/busqueda/Ana 500 55 - 2.636 ms
::1 GET /customers/busqueda/Ana 500 55 - 1.389 ms
::1 GET /customers/busqueda/Ana 500 55 - 1.371 ms
::1 GET /customers/busqueda/Ana 500 55 - 0.860 ms
::1 GET /customers/busqueda/Ana 500 55 - 3.419 ms
::1 GET /customers/busqueda/Ana 500 55 - 0.812 ms
::1 GET /customers/busqueda/1 500 55 - 0.470 ms
::1 GET /customers/busqueda/1 500 55 - 3.361 ms
::1 GET /customers/busqueda/1 500 55 - 3.470 ms
::1 GET /customers/busqueda/1 500 55 - 3.128 ms
::1 GET /customers/busqueda 500 55 - 12.027 ms
::1 GET /customers/busqueda 500 55 - 12.000 ms
::1 GET /customers/busqueda 500 55 - 15.662 ms
::1 GET /customers/busqueda 500 55 - 13.285 ms
::1 GET /orders/busqueda 400 1172 - 12.279 ms
::1 GET /orders/busqueda 404 154 - 1.360 ms
::1 GET /orders/busqueda 404 154 - 1.360 ms
::1 GET /orders/busqueda 500 55 - 2.586 ms
::1 GET /orders/busqueda/Entregado 500 55 - 3.041 ms
::1 GET /orders/busqueda/En%20espera 500 55 - 0.757 ms
::1 GET /orders/busqueda/En%20espera 500 55 - 3.996 ms
::1 GET /orders/busqueda/En%20espera 500 55 - 4.550 ms
::1 POST /ins 500 55 - 396.396 ms
