2022-10-16 21:36:36:3636 [35mhttp[39m: [35m::1 GET / 404 139 - 6.658 ms[39m
[35m[39m
2022-10-16 21:37:51:3751 [35mhttp[39m: [35m::1 GET /customers 200 24 - 1071.714 ms[39m
[35m[39m
2022-10-16 21:37:52:3752 [35mhttp[39m: [35m::1 GET /favicon.ico 404 150 - 2.207 ms[39m
[35m[39m
2022-10-16 21:43:36:4336 [35mhttp[39m: [35m::1 GET /customers 304 - - 111.280 ms[39m
[35m[39m
2022-10-16 21:44:02:442 [35mhttp[39m: [35m::1 GET /orders 200 23 - 76.234 ms[39m
[35m[39m
2022-10-16 21:48:39:4839 [35mhttp[39m: [35m::1 GET /customers 304 - - 119.240 ms[39m
[35m[39m
2022-10-20 18:05:37:537 [35mhttp[39m: [35m::1 POST /users 200 181 - 1416.196 ms[39m
[35m[39m
2022-10-20 18:06:05:65 [35mhttp[39m: [35m::1 GET /users/verify 200 194 - 65.752 ms[39m
[35m[39m
2022-10-20 18:06:58:658 [35mhttp[39m: [35m::1 POST /customers 200 33 - 0.964 ms[39m
[35m[39m
2022-10-20 18:07:42:742 [35mhttp[39m: [35m::1 POST /customers 500 1545 - 12.073 ms[39m
[35m[39m
2022-10-20 18:07:59:759 [35mhttp[39m: [35m::1 GET /users/verify 200 194 - 66.637 ms[39m
[35m[39m
2022-10-20 18:08:07:87 [35mhttp[39m: [35m::1 POST /customers 500 1545 - 0.648 ms[39m
[35m[39m
2022-10-20 18:44:55:4455 [35mhttp[39m: [35m::1 POST /customers 500 1552 - 2.941 ms[39m
[35m[39m
2022-10-20 18:44:58:4458 [35mhttp[39m: [35m::1 GET /users/verify 200 33 - 1.610 ms[39m
[35m[39m
2022-10-20 18:45:03:453 [35mhttp[39m: [35m::1 GET /users/verify 200 33 - 0.432 ms[39m
[35m[39m
2022-10-20 18:45:13:4513 [35mhttp[39m: [35m::1 GET /users/verify 200 33 - 0.383 ms[39m
[35m[39m
2022-10-20 18:45:27:4527 [35mhttp[39m: [35m::1 POST /customers 500 1552 - 0.846 ms[39m
[35m[39m
2022-10-20 18:46:19:4619 [35mhttp[39m: [35m::1 GET /users/verify 200 33 - 2.505 ms[39m
[35m[39m
2022-10-20 18:46:54:4654 [35mhttp[39m: [35m::1 POST /customers - - - - ms[39m
[35m[39m
2022-10-20 18:47:07:477 [35mhttp[39m: [35m::1 GET /users/verify 200 33 - 0.368 ms[39m
[35m[39m
2022-10-20 18:47:13:4713 [35mhttp[39m: [35m::1 POST /customers - - - - ms[39m
[35m[39m
2022-10-20 20:15:13:1513 [35mhttp[39m: [35m::1 GET /users/verify 200 194 - 76.968 ms[39m
[35m[39m
2022-10-20 20:15:24:1524 [35mhttp[39m: [35m::1 POST /customers - - - - ms[39m
[35m[39m
2022-10-20 20:15:30:1530 [35mhttp[39m: [35m::1 POST /customers - - - - ms[39m
[35m[39m
2022-10-20 20:16:36:1636 [35mhttp[39m: [35m::1 GET /users/verify 200 194 - 83.903 ms[39m
[35m[39m
2022-10-20 20:17:04:174 [35mhttp[39m: [35m::1 POST /customers - - - - ms[39m
[35m[39m
2022-10-20 20:17:15:1715 [35mhttp[39m: [35m::1 POST /customers - - - - ms[39m
[35m[39m
2022-10-21 12:44:11:4411 [35mhttp[39m: [35m::1 POST /customers 500 1573 - 2.846 ms[39m
[35m[39m
2022-10-21 12:50:32:5032 [35mhttp[39m: [35m::1 GET /users/verify 500 1574 - 4.073 ms[39m
[35m[39m
2022-10-21 12:50:55:5055 [35mhttp[39m: [35m::1 GET /users/verify 500 1574 - 114.115 ms[39m
[35m[39m
2022-10-21 12:52:23:5223 [35mhttp[39m: [35m::1 GET /users/verify 500 1574 - 4.651 ms[39m
[35m[39m
2022-10-21 12:53:29:5329 [35mhttp[39m: [35m::1 GET /users/verify 500 1574 - 3.675 ms[39m
[35m[39m
2022-10-21 12:58:53:5853 [35mhttp[39m: [35m::1 GET /users/verify 200 194 - 810.562 ms[39m
[35m[39m
2022-10-21 13:02:25:225 [35mhttp[39m: [35m::1 GET /users/verify 401 21 - 3.304 ms[39m
[35m[39m
2022-10-21 13:31:52:3152 [35mhttp[39m: [35m::1 GET /users/verify 401 16 - 2.894 ms[39m
[35m[39m
2022-10-21 13:37:27:3727 [35mhttp[39m: [35m::1 GET /users/verify 500 1540 - 3.851 ms[39m
[35m[39m
2022-10-21 13:37:52:3752 [35mhttp[39m: [35m::1 GET /users/verify 500 1539 - 3.344 ms[39m
[35m[39m
2022-10-21 13:38:02:382 [35mhttp[39m: [35m::1 GET /users/verify 401 16 - 2.635 ms[39m
[35m[39m
2022-10-21 13:38:27:3827 [35mhttp[39m: [35m::1 GET /users/verify 401 16 - 2.351 ms[39m
[35m[39m
2022-10-21 13:39:51:3951 [35mhttp[39m: [35m::1 GET /users/verify 401 16 - 3.040 ms[39m
[35m[39m
2022-10-21 13:40:35:4035 [35mhttp[39m: [35m::1 GET /users/verify 401 16 - 14.798 ms[39m
[35m[39m
2022-10-21 13:42:31:4231 [35mhttp[39m: [35m::1 GET /users/verify 401 16 - 11.328 ms[39m
[35m[39m
2022-10-21 13:43:19:4319 [35mhttp[39m: [35m::1 GET /users/verify 401 16 - 10.662 ms[39m
[35m[39m
2022-10-21 13:44:17:4417 [35mhttp[39m: [35m::1 GET /users/verify 200 194 - 104.480 ms[39m
[35m[39m
2022-10-21 13:44:34:4434 [35mhttp[39m: [35m::1 POST /customers 200 239 - 303.590 ms[39m
[35m[39m
2022-10-21 13:45:14:4514 [35mhttp[39m: [35m::1 POST /customers 401 21 - 2.515 ms[39m
[35m[39m
2022-10-21 13:47:41:4741 [35mhttp[39m: [35m::1 POST /users 401 16 - 2.671 ms[39m
[35m[39m
2022-10-21 13:48:39:4839 [35mhttp[39m: [35m::1 POST /users 401 16 - 2.447 ms[39m
[35m[39m
2022-10-21 13:49:38:4938 [35mhttp[39m: [35m::1 POST /users 200 181 - 123.648 ms[39m
[35m[39m
2022-10-21 13:49:44:4944 [35mhttp[39m: [35m::1 GET /users/verify 401 16 - 0.596 ms[39m
[35m[39m
2022-10-21 13:50:02:502 [35mhttp[39m: [35m::1 GET /users/verify 200 194 - 74.600 ms[39m
[35m[39m
